<?xml version="1.0" encoding="UTF-8"?>
<book xmlns="http://docbook.org/ns/docbook" version="5.0">
  <title>Definitive Printer Guide</title>
  <chapter xml:id="buy">
      <title>Buying printer</title>
      <para>Grab money, go to shop, ...</para>
  </chapter>
  <chapter>
      <title>Maintenance</title>
      <para>Be friendly to your printer when you speak to it.</para>
      <para>If the green led is blinking, please add paper using the following procedure.</para>
      <procedure xml:base="procedure.002.xml" xml:id="paper-insert_procedure002">
         <title>Inserting paper into printer</title>
         <para>This procedure is for printer owners.
    If you don't have a printer, consider <link linkend="buy">buying one</link>.</para>  
         <step xml:id="s1_procedure002">
            <para>Make sure that you have paper.</para>
         </step>
         <step>
            <para>Insert paper into printer. If you don't have paper, consult <xref linkend="s1_procedure002"/>
            </para>
         </step>
         <step>
            <note xml:base="note.001.xml" xml:id="note_procedure002_note001">
               <para>Important note.</para>
            </note>
         </step>  
      </procedure>
  </chapter>
</book>
